<?xml version="1.0" encoding="UTF-8"?>
<!-- Generated by org.testng.reporters.JUnitReportReporter -->
<testsuite hostname="LAPTOP-JHASPJOK" failures="0" tests="5" name="com.swaglabs.test.EndToEndTest" time="87.714" errors="0" timestamp="2025-09-07T22:50:43 IST" skipped="0">
  <testcase classname="com.swaglabs.test.EndToEndTest" name="purchaseSingleProduct" time="16.180"/>
  <testcase classname="com.swaglabs.test.EndToEndTest" name="purchaseMultipleProducts" time="15.044"/>
  <testcase classname="com.swaglabs.test.EndToEndTest" name="sortAndCheckoutWithPriceValidation" time="15.563"/>
  <testcase classname="com.swaglabs.test.EndToEndTest" name="cartPersistenceAcrossLogoutAndLogin" time="9.685"/>
  <testcase classname="com.swaglabs.test.EndToEndTest" name="resetAppStateClearsCart" time="31.242"/>
</testsuite> <!-- com.swaglabs.test.EndToEndTest -->
