<?xml version="1.0" encoding="UTF-8"?>
<!-- Generated by org.testng.reporters.JUnitReportReporter -->
<testsuite hostname="LAPTOP-JHASPJOK" failures="0" tests="1" name="com.swaglabs.test.EndToEndTest" time="17.783" errors="0" timestamp="2025-09-08T16:40:54 IST" skipped="0">
  <testcase classname="com.swaglabs.test.EndToEndTest" name="sortAndCheckoutWithPriceValidation" time="17.783"/>
</testsuite> <!-- com.swaglabs.test.EndToEndTest -->
