<?xml version="1.0" encoding="UTF-8"?>
<!-- Generated by org.testng.reporters.JUnitReportReporter -->
<testsuite hostname="LAPTOP-JHASPJOK" failures="0" tests="5" name="com.swaglabs.test.EndToEndTest" time="93.279" errors="0" timestamp="2025-09-08T08:56:18 IST" skipped="0">
  <testcase classname="com.swaglabs.test.EndToEndTest" name="purchaseSingleProduct" time="16.366"/>
  <testcase classname="com.swaglabs.test.EndToEndTest" name="purchaseMultipleProducts" time="13.706"/>
  <testcase classname="com.swaglabs.test.EndToEndTest" name="sortAndCheckoutWithPriceValidation" time="20.824"/>
  <testcase classname="com.swaglabs.test.EndToEndTest" name="cartPersistenceAcrossLogoutAndLogin" time="10.793"/>
  <testcase classname="com.swaglabs.test.EndToEndTest" name="resetAppStateClearsCart" time="31.590"/>
</testsuite> <!-- com.swaglabs.test.EndToEndTest -->
